Error: ER_DUP_ENTRY: Duplicate entry '' for key 'PRIMARY'
    at Query.Sequence._packetToError (/home/elitepro/nodevenv/chat.elite-professionals.in/16/lib/node_modules/mysql/lib/protocol/sequences/Sequence.js:47:14)
    at Query.ErrorPacket (/home/elitepro/nodevenv/chat.elite-professionals.in/16/lib/node_modules/mysql/lib/protocol/sequences/Query.js:79:18)
    at Protocol._parsePacket (/home/elitepro/nodevenv/chat.elite-professionals.in/16/lib/node_modules/mysql/lib/protocol/Protocol.js:291:23)
    at Parser._parsePacket (/home/elitepro/nodevenv/chat.elite-professionals.in/16/lib/node_modules/mysql/lib/protocol/Parser.js:433:10)
    at Parser.write (/home/elitepro/nodevenv/chat.elite-professionals.in/16/lib/node_modules/mysql/lib/protocol/Parser.js:43:10)
    at Protocol.write (/home/elitepro/nodevenv/chat.elite-professionals.in/16/lib/node_modules/mysql/lib/protocol/Protocol.js:38:16)
    at Socket.<anonymous> (/home/elitepro/nodevenv/chat.elite-professionals.in/16/lib/node_modules/mysql/lib/Connection.js:88:28)
    at Socket.<anonymous> (/home/elitepro/nodevenv/chat.elite-professionals.in/16/lib/node_modules/mysql/lib/Connection.js:526:10)
    at Socket.emit (node:events:513:28)
    at addChunk (node:internal/streams/readable:315:12)
    --------------------
    at Pool.query (/home/elitepro/nodevenv/chat.elite-professionals.in/16/lib/node_modules/mysql/lib/Pool.js:199:23)
    at /home/elitepro/chat.elite-professionals.in/index.js:433:10
    at new Promise (<anonymous>)
    at queryAsync (/home/elitepro/chat.elite-professionals.in/index.js:432:10)
    at createUser (/home/elitepro/chat.elite-professionals.in/index.js:150:9)
    at /home/elitepro/chat.elite-professionals.in/index.js:65:36
    at processTicksAndRejections (node:internal/process/task_queues:96:5) {
  code: 'ER_DUP_ENTRY',
  errno: 1062,
  sqlMessage: "Duplicate entry '' for key 'PRIMARY'",
  sqlState: '23000',
  index: 0,
  sql: "INSERT INTO elitepro_chat.users (PersonID, firstName, lastName, profilePic, accountType, webName) VALUES (NULL, 'Mamun', 'Khan', NULL, NULL, 'hire'), (NULL, 'Marup', 'Khan', NULL, NULL, 'hire')"
}
/home/elitepro/chat.elite-professionals.in/index.js:115
    throw new CustomErrorHandler("Failed to create chat", error, 400);
          ^

CustomErrorHandler: Failed to create chat
    at /home/elitepro/chat.elite-professionals.in/index.js:115:11
    at processTicksAndRejections (node:internal/process/task_queues:96:5) {
  originalError: Error: ER_DUP_ENTRY: Duplicate entry '' for key 'PRIMARY'
      at Query.Sequence._packetToError (/home/elitepro/nodevenv/chat.elite-professionals.in/16/lib/node_modules/mysql/lib/protocol/sequences/Sequence.js:47:14)
      at Query.ErrorPacket (/home/elitepro/nodevenv/chat.elite-professionals.in/16/lib/node_modules/mysql/lib/protocol/sequences/Query.js:79:18)
      at Protocol._parsePacket (/home/elitepro/nodevenv/chat.elite-professionals.in/16/lib/node_modules/mysql/lib/protocol/Protocol.js:291:23)
      at Parser._parsePacket (/home/elitepro/nodevenv/chat.elite-professionals.in/16/lib/node_modules/mysql/lib/protocol/Parser.js:433:10)
      at Parser.write (/home/elitepro/nodevenv/chat.elite-professionals.in/16/lib/node_modules/mysql/lib/protocol/Parser.js:43:10)
      at Protocol.write (/home/elitepro/nodevenv/chat.elite-professionals.in/16/lib/node_modules/mysql/lib/protocol/Protocol.js:38:16)
      at Socket.<anonymous> (/home/elitepro/nodevenv/chat.elite-professionals.in/16/lib/node_modules/mysql/lib/Connection.js:88:28)
      at Socket.<anonymous> (/home/elitepro/nodevenv/chat.elite-professionals.in/16/lib/node_modules/mysql/lib/Connection.js:526:10)
      at Socket.emit (node:events:513:28)
      at addChunk (node:internal/streams/readable:315:12)
      --------------------
      at Pool.query (/home/elitepro/nodevenv/chat.elite-professionals.in/16/lib/node_modules/mysql/lib/Pool.js:199:23)
      at /home/elitepro/chat.elite-professionals.in/index.js:433:10
      at new Promise (<anonymous>)
      at queryAsync (/home/elitepro/chat.elite-professionals.in/index.js:432:10)
      at createUser (/home/elitepro/chat.elite-professionals.in/index.js:150:9)
      at /home/elitepro/chat.elite-professionals.in/index.js:65:36
      at processTicksAndRejections (node:internal/process/task_queues:96:5) {
    code: 'ER_DUP_ENTRY',
    errno: 1062,
    sqlMessage: "Duplicate entry '' for key 'PRIMARY'",
    sqlState: '23000',
    index: 0,
    sql: "INSERT INTO elitepro_chat.users (PersonID, firstName, lastName, profilePic, accountType, webName) VALUES (NULL, 'Mamun', 'Khan', NULL, NULL, 'hire'), (NULL, 'Marup', 'Khan', NULL, NULL, 'hire')"
  },
  statusCode: 400
}
Error: ER_DUP_ENTRY: Duplicate entry '' for key 'PRIMARY'
    at Query.Sequence._packetToError (/home/elitepro/nodevenv/chat.elite-professionals.in/16/lib/node_modules/mysql/lib/protocol/sequences/Sequence.js:47:14)
    at Query.ErrorPacket (/home/elitepro/nodevenv/chat.elite-professionals.in/16/lib/node_modules/mysql/lib/protocol/sequences/Query.js:79:18)
    at Protocol._parsePacket (/home/elitepro/nodevenv/chat.elite-professionals.in/16/lib/node_modules/mysql/lib/protocol/Protocol.js:291:23)
    at Parser._parsePacket (/home/elitepro/nodevenv/chat.elite-professionals.in/16/lib/node_modules/mysql/lib/protocol/Parser.js:433:10)
    at Parser.write (/home/elitepro/nodevenv/chat.elite-professionals.in/16/lib/node_modules/mysql/lib/protocol/Parser.js:43:10)
    at Protocol.write (/home/elitepro/nodevenv/chat.elite-professionals.in/16/lib/node_modules/mysql/lib/protocol/Protocol.js:38:16)
    at Socket.<anonymous> (/home/elitepro/nodevenv/chat.elite-professionals.in/16/lib/node_modules/mysql/lib/Connection.js:88:28)
    at Socket.<anonymous> (/home/elitepro/nodevenv/chat.elite-professionals.in/16/lib/node_modules/mysql/lib/Connection.js:526:10)
    at Socket.emit (node:events:513:28)
    at addChunk (node:internal/streams/readable:315:12)
    --------------------
    at Pool.query (/home/elitepro/nodevenv/chat.elite-professionals.in/16/lib/node_modules/mysql/lib/Pool.js:199:23)
    at /home/elitepro/chat.elite-professionals.in/index.js:433:10
    at new Promise (<anonymous>)
    at queryAsync (/home/elitepro/chat.elite-professionals.in/index.js:432:10)
    at createUser (/home/elitepro/chat.elite-professionals.in/index.js:150:9)
    at /home/elitepro/chat.elite-professionals.in/index.js:65:36
    at processTicksAndRejections (node:internal/process/task_queues:96:5) {
  code: 'ER_DUP_ENTRY',
  errno: 1062,
  sqlMessage: "Duplicate entry '' for key 'PRIMARY'",
  sqlState: '23000',
  index: 0,
  sql: "INSERT INTO elitepro_chat.users (PersonID, firstName, lastName, profilePic, accountType, webName) VALUES (NULL, 'Mamun', 'Khan', NULL, NULL, 'hire'), (NULL, 'Marup', 'Khan', NULL, NULL, 'hire')"
}
/home/elitepro/chat.elite-professionals.in/index.js:115
    throw new CustomErrorHandler("Failed to create chat", error, 400);
          ^

CustomErrorHandler: Failed to create chat
    at /home/elitepro/chat.elite-professionals.in/index.js:115:11
    at processTicksAndRejections (node:internal/process/task_queues:96:5) {
  originalError: Error: ER_DUP_ENTRY: Duplicate entry '' for key 'PRIMARY'
      at Query.Sequence._packetToError (/home/elitepro/nodevenv/chat.elite-professionals.in/16/lib/node_modules/mysql/lib/protocol/sequences/Sequence.js:47:14)
      at Query.ErrorPacket (/home/elitepro/nodevenv/chat.elite-professionals.in/16/lib/node_modules/mysql/lib/protocol/sequences/Query.js:79:18)
      at Protocol._parsePacket (/home/elitepro/nodevenv/chat.elite-professionals.in/16/lib/node_modules/mysql/lib/protocol/Protocol.js:291:23)
      at Parser._parsePacket (/home/elitepro/nodevenv/chat.elite-professionals.in/16/lib/node_modules/mysql/lib/protocol/Parser.js:433:10)
      at Parser.write (/home/elitepro/nodevenv/chat.elite-professionals.in/16/lib/node_modules/mysql/lib/protocol/Parser.js:43:10)
      at Protocol.write (/home/elitepro/nodevenv/chat.elite-professionals.in/16/lib/node_modules/mysql/lib/protocol/Protocol.js:38:16)
      at Socket.<anonymous> (/home/elitepro/nodevenv/chat.elite-professionals.in/16/lib/node_modules/mysql/lib/Connection.js:88:28)
      at Socket.<anonymous> (/home/elitepro/nodevenv/chat.elite-professionals.in/16/lib/node_modules/mysql/lib/Connection.js:526:10)
      at Socket.emit (node:events:513:28)
      at addChunk (node:internal/streams/readable:315:12)
      --------------------
      at Pool.query (/home/elitepro/nodevenv/chat.elite-professionals.in/16/lib/node_modules/mysql/lib/Pool.js:199:23)
      at /home/elitepro/chat.elite-professionals.in/index.js:433:10
      at new Promise (<anonymous>)
      at queryAsync (/home/elitepro/chat.elite-professionals.in/index.js:432:10)
      at createUser (/home/elitepro/chat.elite-professionals.in/index.js:150:9)
      at /home/elitepro/chat.elite-professionals.in/index.js:65:36
      at processTicksAndRejections (node:internal/process/task_queues:96:5) {
    code: 'ER_DUP_ENTRY',
    errno: 1062,
    sqlMessage: "Duplicate entry '' for key 'PRIMARY'",
    sqlState: '23000',
    index: 0,
    sql: "INSERT INTO elitepro_chat.users (PersonID, firstName, lastName, profilePic, accountType, webName) VALUES (NULL, 'Mamun', 'Khan', NULL, NULL, 'hire'), (NULL, 'Marup', 'Khan', NULL, NULL, 'hire')"
  },
  statusCode: 400
}
Error: ER_DUP_ENTRY: Duplicate entry '' for key 'PRIMARY'
    at Query.Sequence._packetToError (/home/elitepro/nodevenv/chat.elite-professionals.in/16/lib/node_modules/mysql/lib/protocol/sequences/Sequence.js:47:14)
    at Query.ErrorPacket (/home/elitepro/nodevenv/chat.elite-professionals.in/16/lib/node_modules/mysql/lib/protocol/sequences/Query.js:79:18)
    at Protocol._parsePacket (/home/elitepro/nodevenv/chat.elite-professionals.in/16/lib/node_modules/mysql/lib/protocol/Protocol.js:291:23)
    at Parser._parsePacket (/home/elitepro/nodevenv/chat.elite-professionals.in/16/lib/node_modules/mysql/lib/protocol/Parser.js:433:10)
    at Parser.write (/home/elitepro/nodevenv/chat.elite-professionals.in/16/lib/node_modules/mysql/lib/protocol/Parser.js:43:10)
    at Protocol.write (/home/elitepro/nodevenv/chat.elite-professionals.in/16/lib/node_modules/mysql/lib/protocol/Protocol.js:38:16)
    at Socket.<anonymous> (/home/elitepro/nodevenv/chat.elite-professionals.in/16/lib/node_modules/mysql/lib/Connection.js:88:28)
    at Socket.<anonymous> (/home/elitepro/nodevenv/chat.elite-professionals.in/16/lib/node_modules/mysql/lib/Connection.js:526:10)
    at Socket.emit (node:events:513:28)
    at addChunk (node:internal/streams/readable:315:12)
    --------------------
    at Pool.query (/home/elitepro/nodevenv/chat.elite-professionals.in/16/lib/node_modules/mysql/lib/Pool.js:199:23)
    at /home/elitepro/chat.elite-professionals.in/index.js:433:10
    at new Promise (<anonymous>)
    at queryAsync (/home/elitepro/chat.elite-professionals.in/index.js:432:10)
    at createUser (/home/elitepro/chat.elite-professionals.in/index.js:150:9)
    at /home/elitepro/chat.elite-professionals.in/index.js:65:36
    at processTicksAndRejections (node:internal/process/task_queues:96:5) {
  code: 'ER_DUP_ENTRY',
  errno: 1062,
  sqlMessage: "Duplicate entry '' for key 'PRIMARY'",
  sqlState: '23000',
  index: 0,
  sql: "INSERT INTO elitepro_chat.users (PersonID, firstName, lastName, profilePic, accountType, webName) VALUES (NULL, 'Mamun', 'Khan', NULL, NULL, 'hire'), (NULL, 'Marup', 'Khan', NULL, NULL, 'hire')"
}
/home/elitepro/chat.elite-professionals.in/index.js:115
    throw new CustomErrorHandler("Failed to create chat", error, 400);
          ^

CustomErrorHandler: Failed to create chat
    at /home/elitepro/chat.elite-professionals.in/index.js:115:11
    at processTicksAndRejections (node:internal/process/task_queues:96:5) {
  originalError: Error: ER_DUP_ENTRY: Duplicate entry '' for key 'PRIMARY'
      at Query.Sequence._packetToError (/home/elitepro/nodevenv/chat.elite-professionals.in/16/lib/node_modules/mysql/lib/protocol/sequences/Sequence.js:47:14)
      at Query.ErrorPacket (/home/elitepro/nodevenv/chat.elite-professionals.in/16/lib/node_modules/mysql/lib/protocol/sequences/Query.js:79:18)
      at Protocol._parsePacket (/home/elitepro/nodevenv/chat.elite-professionals.in/16/lib/node_modules/mysql/lib/protocol/Protocol.js:291:23)
      at Parser._parsePacket (/home/elitepro/nodevenv/chat.elite-professionals.in/16/lib/node_modules/mysql/lib/protocol/Parser.js:433:10)
      at Parser.write (/home/elitepro/nodevenv/chat.elite-professionals.in/16/lib/node_modules/mysql/lib/protocol/Parser.js:43:10)
      at Protocol.write (/home/elitepro/nodevenv/chat.elite-professionals.in/16/lib/node_modules/mysql/lib/protocol/Protocol.js:38:16)
      at Socket.<anonymous> (/home/elitepro/nodevenv/chat.elite-professionals.in/16/lib/node_modules/mysql/lib/Connection.js:88:28)
      at Socket.<anonymous> (/home/elitepro/nodevenv/chat.elite-professionals.in/16/lib/node_modules/mysql/lib/Connection.js:526:10)
      at Socket.emit (node:events:513:28)
      at addChunk (node:internal/streams/readable:315:12)
      --------------------
      at Pool.query (/home/elitepro/nodevenv/chat.elite-professionals.in/16/lib/node_modules/mysql/lib/Pool.js:199:23)
      at /home/elitepro/chat.elite-professionals.in/index.js:433:10
      at new Promise (<anonymous>)
      at queryAsync (/home/elitepro/chat.elite-professionals.in/index.js:432:10)
      at createUser (/home/elitepro/chat.elite-professionals.in/index.js:150:9)
      at /home/elitepro/chat.elite-professionals.in/index.js:65:36
      at processTicksAndRejections (node:internal/process/task_queues:96:5) {
    code: 'ER_DUP_ENTRY',
    errno: 1062,
    sqlMessage: "Duplicate entry '' for key 'PRIMARY'",
    sqlState: '23000',
    index: 0,
    sql: "INSERT INTO elitepro_chat.users (PersonID, firstName, lastName, profilePic, accountType, webName) VALUES (NULL, 'Mamun', 'Khan', NULL, NULL, 'hire'), (NULL, 'Marup', 'Khan', NULL, NULL, 'hire')"
  },
  statusCode: 400
}
Error: ER_DUP_ENTRY: Duplicate entry '' for key 'PRIMARY'
    at Query.Sequence._packetToError (/home/elitepro/nodevenv/chat.elite-professionals.in/16/lib/node_modules/mysql/lib/protocol/sequences/Sequence.js:47:14)
    at Query.ErrorPacket (/home/elitepro/nodevenv/chat.elite-professionals.in/16/lib/node_modules/mysql/lib/protocol/sequences/Query.js:79:18)
    at Protocol._parsePacket (/home/elitepro/nodevenv/chat.elite-professionals.in/16/lib/node_modules/mysql/lib/protocol/Protocol.js:291:23)
    at Parser._parsePacket (/home/elitepro/nodevenv/chat.elite-professionals.in/16/lib/node_modules/mysql/lib/protocol/Parser.js:433:10)
    at Parser.write (/home/elitepro/nodevenv/chat.elite-professionals.in/16/lib/node_modules/mysql/lib/protocol/Parser.js:43:10)
    at Protocol.write (/home/elitepro/nodevenv/chat.elite-professionals.in/16/lib/node_modules/mysql/lib/protocol/Protocol.js:38:16)
    at Socket.<anonymous> (/home/elitepro/nodevenv/chat.elite-professionals.in/16/lib/node_modules/mysql/lib/Connection.js:88:28)
    at Socket.<anonymous> (/home/elitepro/nodevenv/chat.elite-professionals.in/16/lib/node_modules/mysql/lib/Connection.js:526:10)
    at Socket.emit (node:events:513:28)
    at addChunk (node:internal/streams/readable:315:12)
    --------------------
    at Pool.query (/home/elitepro/nodevenv/chat.elite-professionals.in/16/lib/node_modules/mysql/lib/Pool.js:199:23)
    at /home/elitepro/chat.elite-professionals.in/index.js:433:10
    at new Promise (<anonymous>)
    at queryAsync (/home/elitepro/chat.elite-professionals.in/index.js:432:10)
    at createUser (/home/elitepro/chat.elite-professionals.in/index.js:150:9)
    at /home/elitepro/chat.elite-professionals.in/index.js:65:36
    at processTicksAndRejections (node:internal/process/task_queues:96:5) {
  code: 'ER_DUP_ENTRY',
  errno: 1062,
  sqlMessage: "Duplicate entry '' for key 'PRIMARY'",
  sqlState: '23000',
  index: 0,
  sql: "INSERT INTO elitepro_chat.users (PersonID, firstName, lastName, profilePic, accountType, webName) VALUES (NULL, 'Mamun', 'Khan', NULL, NULL, 'hire'), (NULL, 'Marup', 'Khan', NULL, NULL, 'hire')"
}
/home/elitepro/chat.elite-professionals.in/index.js:115
    throw new CustomErrorHandler("Failed to create chat", error, 400);
          ^

CustomErrorHandler: Failed to create chat
    at /home/elitepro/chat.elite-professionals.in/index.js:115:11
    at processTicksAndRejections (node:internal/process/task_queues:96:5) {
  originalError: Error: ER_DUP_ENTRY: Duplicate entry '' for key 'PRIMARY'
      at Query.Sequence._packetToError (/home/elitepro/nodevenv/chat.elite-professionals.in/16/lib/node_modules/mysql/lib/protocol/sequences/Sequence.js:47:14)
      at Query.ErrorPacket (/home/elitepro/nodevenv/chat.elite-professionals.in/16/lib/node_modules/mysql/lib/protocol/sequences/Query.js:79:18)
      at Protocol._parsePacket (/home/elitepro/nodevenv/chat.elite-professionals.in/16/lib/node_modules/mysql/lib/protocol/Protocol.js:291:23)
      at Parser._parsePacket (/home/elitepro/nodevenv/chat.elite-professionals.in/16/lib/node_modules/mysql/lib/protocol/Parser.js:433:10)
      at Parser.write (/home/elitepro/nodevenv/chat.elite-professionals.in/16/lib/node_modules/mysql/lib/protocol/Parser.js:43:10)
      at Protocol.write (/home/elitepro/nodevenv/chat.elite-professionals.in/16/lib/node_modules/mysql/lib/protocol/Protocol.js:38:16)
      at Socket.<anonymous> (/home/elitepro/nodevenv/chat.elite-professionals.in/16/lib/node_modules/mysql/lib/Connection.js:88:28)
      at Socket.<anonymous> (/home/elitepro/nodevenv/chat.elite-professionals.in/16/lib/node_modules/mysql/lib/Connection.js:526:10)
      at Socket.emit (node:events:513:28)
      at addChunk (node:internal/streams/readable:315:12)
      --------------------
      at Pool.query (/home/elitepro/nodevenv/chat.elite-professionals.in/16/lib/node_modules/mysql/lib/Pool.js:199:23)
      at /home/elitepro/chat.elite-professionals.in/index.js:433:10
      at new Promise (<anonymous>)
      at queryAsync (/home/elitepro/chat.elite-professionals.in/index.js:432:10)
      at createUser (/home/elitepro/chat.elite-professionals.in/index.js:150:9)
      at /home/elitepro/chat.elite-professionals.in/index.js:65:36
      at processTicksAndRejections (node:internal/process/task_queues:96:5) {
    code: 'ER_DUP_ENTRY',
    errno: 1062,
    sqlMessage: "Duplicate entry '' for key 'PRIMARY'",
    sqlState: '23000',
    index: 0,
    sql: "INSERT INTO elitepro_chat.users (PersonID, firstName, lastName, profilePic, accountType, webName) VALUES (NULL, 'Mamun', 'Khan', NULL, NULL, 'hire'), (NULL, 'Marup', 'Khan', NULL, NULL, 'hire')"
  },
  statusCode: 400
}
Error: ER_DUP_ENTRY: Duplicate entry '' for key 'PRIMARY'
    at Query.Sequence._packetToError (/home/elitepro/nodevenv/chat.elite-professionals.in/16/lib/node_modules/mysql/lib/protocol/sequences/Sequence.js:47:14)
    at Query.ErrorPacket (/home/elitepro/nodevenv/chat.elite-professionals.in/16/lib/node_modules/mysql/lib/protocol/sequences/Query.js:79:18)
    at Protocol._parsePacket (/home/elitepro/nodevenv/chat.elite-professionals.in/16/lib/node_modules/mysql/lib/protocol/Protocol.js:291:23)
    at Parser._parsePacket (/home/elitepro/nodevenv/chat.elite-professionals.in/16/lib/node_modules/mysql/lib/protocol/Parser.js:433:10)
    at Parser.write (/home/elitepro/nodevenv/chat.elite-professionals.in/16/lib/node_modules/mysql/lib/protocol/Parser.js:43:10)
    at Protocol.write (/home/elitepro/nodevenv/chat.elite-professionals.in/16/lib/node_modules/mysql/lib/protocol/Protocol.js:38:16)
    at Socket.<anonymous> (/home/elitepro/nodevenv/chat.elite-professionals.in/16/lib/node_modules/mysql/lib/Connection.js:88:28)
    at Socket.<anonymous> (/home/elitepro/nodevenv/chat.elite-professionals.in/16/lib/node_modules/mysql/lib/Connection.js:526:10)
    at Socket.emit (node:events:513:28)
    at addChunk (node:internal/streams/readable:315:12)
    --------------------
    at Pool.query (/home/elitepro/nodevenv/chat.elite-professionals.in/16/lib/node_modules/mysql/lib/Pool.js:199:23)
    at /home/elitepro/chat.elite-professionals.in/index.js:433:10
    at new Promise (<anonymous>)
    at queryAsync (/home/elitepro/chat.elite-professionals.in/index.js:432:10)
    at createUser (/home/elitepro/chat.elite-professionals.in/index.js:150:9)
    at /home/elitepro/chat.elite-professionals.in/index.js:65:36
    at processTicksAndRejections (node:internal/process/task_queues:96:5) {
  code: 'ER_DUP_ENTRY',
  errno: 1062,
  sqlMessage: "Duplicate entry '' for key 'PRIMARY'",
  sqlState: '23000',
  index: 0,
  sql: "INSERT INTO elitepro_chat.users (PersonID, firstName, lastName, profilePic, accountType, webName) VALUES (NULL, 'Mamun', 'Khan', NULL, NULL, 'hire'), (NULL, 'Marup', 'Khan', NULL, NULL, 'hire')"
}
/home/elitepro/chat.elite-professionals.in/index.js:115
    throw new CustomErrorHandler("Failed to create chat", error, 400);
          ^

CustomErrorHandler: Failed to create chat
    at /home/elitepro/chat.elite-professionals.in/index.js:115:11
    at processTicksAndRejections (node:internal/process/task_queues:96:5) {
  originalError: Error: ER_DUP_ENTRY: Duplicate entry '' for key 'PRIMARY'
      at Query.Sequence._packetToError (/home/elitepro/nodevenv/chat.elite-professionals.in/16/lib/node_modules/mysql/lib/protocol/sequences/Sequence.js:47:14)
      at Query.ErrorPacket (/home/elitepro/nodevenv/chat.elite-professionals.in/16/lib/node_modules/mysql/lib/protocol/sequences/Query.js:79:18)
      at Protocol._parsePacket (/home/elitepro/nodevenv/chat.elite-professionals.in/16/lib/node_modules/mysql/lib/protocol/Protocol.js:291:23)
      at Parser._parsePacket (/home/elitepro/nodevenv/chat.elite-professionals.in/16/lib/node_modules/mysql/lib/protocol/Parser.js:433:10)
      at Parser.write (/home/elitepro/nodevenv/chat.elite-professionals.in/16/lib/node_modules/mysql/lib/protocol/Parser.js:43:10)
      at Protocol.write (/home/elitepro/nodevenv/chat.elite-professionals.in/16/lib/node_modules/mysql/lib/protocol/Protocol.js:38:16)
      at Socket.<anonymous> (/home/elitepro/nodevenv/chat.elite-professionals.in/16/lib/node_modules/mysql/lib/Connection.js:88:28)
      at Socket.<anonymous> (/home/elitepro/nodevenv/chat.elite-professionals.in/16/lib/node_modules/mysql/lib/Connection.js:526:10)
      at Socket.emit (node:events:513:28)
      at addChunk (node:internal/streams/readable:315:12)
      --------------------
      at Pool.query (/home/elitepro/nodevenv/chat.elite-professionals.in/16/lib/node_modules/mysql/lib/Pool.js:199:23)
      at /home/elitepro/chat.elite-professionals.in/index.js:433:10
      at new Promise (<anonymous>)
      at queryAsync (/home/elitepro/chat.elite-professionals.in/index.js:432:10)
      at createUser (/home/elitepro/chat.elite-professionals.in/index.js:150:9)
      at /home/elitepro/chat.elite-professionals.in/index.js:65:36
      at processTicksAndRejections (node:internal/process/task_queues:96:5) {
    code: 'ER_DUP_ENTRY',
    errno: 1062,
    sqlMessage: "Duplicate entry '' for key 'PRIMARY'",
    sqlState: '23000',
    index: 0,
    sql: "INSERT INTO elitepro_chat.users (PersonID, firstName, lastName, profilePic, accountType, webName) VALUES (NULL, 'Mamun', 'Khan', NULL, NULL, 'hire'), (NULL, 'Marup', 'Khan', NULL, NULL, 'hire')"
  },
  statusCode: 400
}
